Wed 11/20/2024 15:05:36.23: status 
Wed 11/20/2024 15:07:02.71: status 
Wed 11/20/2024 15:07:25.23: push 
Wed 11/20/2024 15:08:46.53: pull 
Wed 11/20/2024 15:10:24.92: status 
Wed 11/20/2024 15:11:21.99: status 
Wed 11/20/2024 15:14:28.48: status 
Wed 11/20/2024 15:14:48.90: status 
[Wed 11/20/2024 19:32:33.13] status 
[Wed 11/20/2024 19:32:43.45] push 
[Wed 11/20/2024 19:34:48.49] status 
[Wed 11/20/2024 19:35:42.70] push 
[Wed 11/20/2024 19:36:05.51] pull 
[Wed 11/20/2024 19:37:49.35] Checking status 
[Wed 11/20/2024 19:37:56.17] Push operation started 
[Wed 11/20/2024 19:38:18.45] Pull operation started 
[Wed 11/20/2024 19:38:25.34] Pull operation started 
[Wed 11/20/2024 19:38:31.15] Push operation started 
[Wed 11/20/2024 19:39:44.15] Checking status 
[Thu 11/21/2024  0:11:08.65] Checking repository status 
[Thu 11/21/2024  0:11:26.53] Showing detailed changes 
[Thu 11/21/2024  0:11:34.19] Detailed changes displayed successfully 
[Thu 11/21/2024  0:12:06.09] Push operation started 
[Thu 11/21/2024  0:12:37.85] Push completed successfully 
[Thu 11/21/2024  0:12:59.95] Pull operation started 
[Thu 11/21/2024  0:13:01.64] Repository is already up to date 
[Thu 11/21/2024  0:13:11.05] Checking repository status 
[Thu 11/21/2024  0:13:16.00] Showing detailed changes 
[Thu 11/21/2024  0:13:16.38] Detailed changes displayed successfully 
[Thu 11/21/2024  0:13:30.12] Push operation started 
[Thu 11/21/2024  0:13:59.92] Push completed successfully 
[Thu 11/21/2024  0:16:41.22] Showing detailed changes 
[Thu 11/21/2024  0:16:52.80] Detailed changes displayed successfully 
[Thu 11/21/2024  0:17:03.63] Push operation started 
